{"/Volumes/M.2-Said/nodeJsCurso/05-NOC/src/config/plugins/envs.plugin.ts": {"path":"/Volumes/M.2-Said/nodeJsCurso/05-NOC/src/config/plugins/envs.plugin.ts","all":false,"statementMap":{"0":{"start":{"line":1,"column":0},"end":{"line":1,"column":23}},"1":{"start":{"line":2,"column":0},"end":{"line":2,"column":31}},"2":{"start":{"line":3,"column":0},"end":{"line":3,"column":0}},"3":{"start":{"line":4,"column":0},"end":{"line":4,"column":21}},"4":{"start":{"line":5,"column":0},"end":{"line":5,"column":52}},"5":{"start":{"line":6,"column":0},"end":{"line":6,"column":68}},"6":{"start":{"line":7,"column":0},"end":{"line":7,"column":69}},"7":{"start":{"line":8,"column":0},"end":{"line":8,"column":74}},"8":{"start":{"line":9,"column":0},"end":{"line":9,"column":46}},"9":{"start":{"line":10,"column":0},"end":{"line":10,"column":0}},"10":{"start":{"line":11,"column":0},"end":{"line":11,"column":15}},"11":{"start":{"line":12,"column":0},"end":{"line":12,"column":58}},"12":{"start":{"line":13,"column":0},"end":{"line":13,"column":66}},"13":{"start":{"line":14,"column":0},"end":{"line":14,"column":60}},"14":{"start":{"line":15,"column":0},"end":{"line":15,"column":60}},"15":{"start":{"line":16,"column":0},"end":{"line":16,"column":0}},"16":{"start":{"line":17,"column":0},"end":{"line":17,"column":18}},"17":{"start":{"line":18,"column":0},"end":{"line":18,"column":64}},"18":{"start":{"line":19,"column":0},"end":{"line":19,"column":66}},"19":{"start":{"line":20,"column":0},"end":{"line":20,"column":62}},"20":{"start":{"line":21,"column":0},"end":{"line":21,"column":78}},"21":{"start":{"line":22,"column":0},"end":{"line":22,"column":1}}},"s":{"0":1,"1":1,"2":1,"3":1,"4":1,"5":1,"6":1,"7":1,"8":1,"9":1,"10":1,"11":1,"12":1,"13":1,"14":1,"15":1,"16":1,"17":1,"18":1,"19":1,"20":1,"21":1},"branchMap":{},"b":{},"fnMap":{},"f":{}}
,"/Volumes/M.2-Said/nodeJsCurso/05-NOC/src/data/mongo/index.ts": {"path":"/Volumes/M.2-Said/nodeJsCurso/05-NOC/src/data/mongo/index.ts","all":false,"statementMap":{"0":{"start":{"line":1,"column":0},"end":{"line":1,"column":23}},"1":{"start":{"line":2,"column":0},"end":{"line":2,"column":34}}},"s":{"0":1,"1":1},"branchMap":{},"b":{},"fnMap":{},"f":{}}
,"/Volumes/M.2-Said/nodeJsCurso/05-NOC/src/data/mongo/init.ts": {"path":"/Volumes/M.2-Said/nodeJsCurso/05-NOC/src/data/mongo/init.ts","all":false,"statementMap":{"0":{"start":{"line":1,"column":0},"end":{"line":1,"column":32}},"1":{"start":{"line":2,"column":0},"end":{"line":2,"column":0}},"2":{"start":{"line":3,"column":0},"end":{"line":3,"column":29}},"3":{"start":{"line":4,"column":0},"end":{"line":4,"column":21}},"4":{"start":{"line":5,"column":0},"end":{"line":5,"column":19}},"5":{"start":{"line":6,"column":0},"end":{"line":6,"column":1}},"6":{"start":{"line":7,"column":0},"end":{"line":7,"column":0}},"7":{"start":{"line":8,"column":0},"end":{"line":8,"column":0}},"8":{"start":{"line":9,"column":0},"end":{"line":9,"column":28}},"9":{"start":{"line":10,"column":0},"end":{"line":10,"column":0}},"10":{"start":{"line":11,"column":0},"end":{"line":11,"column":56}},"11":{"start":{"line":12,"column":0},"end":{"line":12,"column":44}},"12":{"start":{"line":13,"column":0},"end":{"line":13,"column":0}},"13":{"start":{"line":14,"column":0},"end":{"line":14,"column":0}},"14":{"start":{"line":15,"column":0},"end":{"line":15,"column":13}},"15":{"start":{"line":16,"column":0},"end":{"line":16,"column":12}},"16":{"start":{"line":17,"column":0},"end":{"line":17,"column":47}},"17":{"start":{"line":18,"column":0},"end":{"line":18,"column":31}},"18":{"start":{"line":19,"column":0},"end":{"line":19,"column":15}},"19":{"start":{"line":20,"column":0},"end":{"line":20,"column":0}},"20":{"start":{"line":21,"column":0},"end":{"line":21,"column":47}},"21":{"start":{"line":22,"column":0},"end":{"line":22,"column":24}},"22":{"start":{"line":23,"column":0},"end":{"line":23,"column":25}},"23":{"start":{"line":24,"column":0},"end":{"line":24,"column":53}},"24":{"start":{"line":25,"column":0},"end":{"line":25,"column":24}},"25":{"start":{"line":26,"column":0},"end":{"line":26,"column":9}},"26":{"start":{"line":27,"column":0},"end":{"line":27,"column":5}},"27":{"start":{"line":28,"column":0},"end":{"line":28,"column":0}},"28":{"start":{"line":29,"column":0},"end":{"line":29,"column":1}}},"s":{"0":1,"1":1,"2":1,"3":1,"4":1,"5":1,"6":1,"7":1,"8":1,"9":1,"10":1,"11":4,"12":4,"13":4,"14":4,"15":4,"16":4,"17":4,"18":4,"19":3,"20":3,"21":3,"22":3,"23":1,"24":1,"25":1,"26":4,"27":1,"28":1},"branchMap":{"0":{"type":"branch","line":11,"loc":{"start":{"line":11,"column":17},"end":{"line":27,"column":5}},"locations":[{"start":{"line":11,"column":17},"end":{"line":27,"column":5}}]},"1":{"type":"branch","line":20,"loc":{"start":{"line":20,"column":-1},"end":{"line":26,"column":9}},"locations":[{"start":{"line":20,"column":-1},"end":{"line":26,"column":9}}]},"2":{"type":"branch","line":23,"loc":{"start":{"line":23,"column":10},"end":{"line":26,"column":9}},"locations":[{"start":{"line":23,"column":10},"end":{"line":26,"column":9}}]}},"b":{"0":[4],"1":[3],"2":[1]},"fnMap":{"0":{"name":"connect","decl":{"start":{"line":11,"column":17},"end":{"line":27,"column":5}},"loc":{"start":{"line":11,"column":17},"end":{"line":27,"column":5}},"line":11}},"f":{"0":4}}
,"/Volumes/M.2-Said/nodeJsCurso/05-NOC/src/data/mongo/models/log.model.ts": {"path":"/Volumes/M.2-Said/nodeJsCurso/05-NOC/src/data/mongo/models/log.model.ts","all":false,"statementMap":{"0":{"start":{"line":1,"column":0},"end":{"line":1,"column":32}},"1":{"start":{"line":2,"column":0},"end":{"line":2,"column":0}},"2":{"start":{"line":3,"column":0},"end":{"line":3,"column":3}},"3":{"start":{"line":4,"column":0},"end":{"line":4,"column":28}},"4":{"start":{"line":5,"column":0},"end":{"line":5,"column":20}},"5":{"start":{"line":6,"column":0},"end":{"line":6,"column":19}},"6":{"start":{"line":7,"column":0},"end":{"line":7,"column":21}},"7":{"start":{"line":8,"column":0},"end":{"line":8,"column":2}},"8":{"start":{"line":9,"column":0},"end":{"line":9,"column":0}},"9":{"start":{"line":10,"column":0},"end":{"line":10,"column":39}},"10":{"start":{"line":11,"column":0},"end":{"line":11,"column":0}},"11":{"start":{"line":12,"column":0},"end":{"line":12,"column":14}},"12":{"start":{"line":13,"column":0},"end":{"line":13,"column":21}},"13":{"start":{"line":14,"column":0},"end":{"line":14,"column":22}},"14":{"start":{"line":15,"column":0},"end":{"line":15,"column":6}},"15":{"start":{"line":16,"column":0},"end":{"line":16,"column":12}},"16":{"start":{"line":17,"column":0},"end":{"line":17,"column":21}},"17":{"start":{"line":18,"column":0},"end":{"line":18,"column":38}},"18":{"start":{"line":19,"column":0},"end":{"line":19,"column":23}},"19":{"start":{"line":20,"column":0},"end":{"line":20,"column":6}},"20":{"start":{"line":21,"column":0},"end":{"line":21,"column":13}},"21":{"start":{"line":22,"column":0},"end":{"line":22,"column":21}},"22":{"start":{"line":23,"column":0},"end":{"line":23,"column":23}},"23":{"start":{"line":24,"column":0},"end":{"line":24,"column":6}},"24":{"start":{"line":25,"column":0},"end":{"line":25,"column":16}},"25":{"start":{"line":26,"column":0},"end":{"line":26,"column":19}},"26":{"start":{"line":27,"column":0},"end":{"line":27,"column":29}},"27":{"start":{"line":28,"column":0},"end":{"line":28,"column":6}},"28":{"start":{"line":29,"column":0},"end":{"line":29,"column":0}},"29":{"start":{"line":30,"column":0},"end":{"line":30,"column":3}},"30":{"start":{"line":31,"column":0},"end":{"line":31,"column":0}},"31":{"start":{"line":32,"column":0},"end":{"line":32,"column":0}},"32":{"start":{"line":33,"column":0},"end":{"line":33,"column":59}}},"s":{"0":1,"1":1,"2":1,"3":1,"4":1,"5":1,"6":1,"7":1,"8":1,"9":1,"10":1,"11":1,"12":1,"13":1,"14":1,"15":1,"16":1,"17":1,"18":1,"19":1,"20":1,"21":1,"22":1,"23":1,"24":1,"25":1,"26":1,"27":1,"28":1,"29":1,"30":1,"31":1,"32":1},"branchMap":{},"b":{},"fnMap":{},"f":{}}
,"/Volumes/M.2-Said/nodeJsCurso/05-NOC/src/domain/entities/log.entity.ts": {"path":"/Volumes/M.2-Said/nodeJsCurso/05-NOC/src/domain/entities/log.entity.ts","all":false,"statementMap":{"0":{"start":{"line":1,"column":0},"end":{"line":1,"column":29}},"1":{"start":{"line":2,"column":0},"end":{"line":2,"column":16}},"2":{"start":{"line":3,"column":0},"end":{"line":3,"column":22}},"3":{"start":{"line":4,"column":0},"end":{"line":4,"column":17}},"4":{"start":{"line":5,"column":0},"end":{"line":5,"column":1}},"5":{"start":{"line":6,"column":0},"end":{"line":6,"column":0}},"6":{"start":{"line":7,"column":0},"end":{"line":7,"column":35}},"7":{"start":{"line":8,"column":0},"end":{"line":8,"column":0}},"8":{"start":{"line":9,"column":0},"end":{"line":9,"column":28}},"9":{"start":{"line":10,"column":0},"end":{"line":10,"column":20}},"10":{"start":{"line":11,"column":0},"end":{"line":11,"column":21}},"11":{"start":{"line":12,"column":0},"end":{"line":12,"column":19}},"12":{"start":{"line":13,"column":0},"end":{"line":13,"column":0}},"13":{"start":{"line":14,"column":0},"end":{"line":14,"column":2}},"14":{"start":{"line":15,"column":0},"end":{"line":15,"column":0}},"15":{"start":{"line":16,"column":0},"end":{"line":16,"column":0}},"16":{"start":{"line":17,"column":0},"end":{"line":17,"column":24}},"17":{"start":{"line":18,"column":0},"end":{"line":18,"column":0}},"18":{"start":{"line":19,"column":0},"end":{"line":19,"column":35}},"19":{"start":{"line":20,"column":0},"end":{"line":20,"column":27}},"20":{"start":{"line":21,"column":0},"end":{"line":21,"column":27}},"21":{"start":{"line":22,"column":0},"end":{"line":22,"column":26}},"22":{"start":{"line":23,"column":0},"end":{"line":23,"column":0}},"23":{"start":{"line":24,"column":0},"end":{"line":24,"column":0}},"24":{"start":{"line":25,"column":0},"end":{"line":25,"column":46}},"25":{"start":{"line":26,"column":0},"end":{"line":26,"column":74}},"26":{"start":{"line":27,"column":0},"end":{"line":27,"column":31}},"27":{"start":{"line":28,"column":0},"end":{"line":28,"column":27}},"28":{"start":{"line":29,"column":0},"end":{"line":29,"column":35}},"29":{"start":{"line":30,"column":0},"end":{"line":30,"column":29}},"30":{"start":{"line":31,"column":0},"end":{"line":31,"column":5}},"31":{"start":{"line":32,"column":0},"end":{"line":32,"column":0}},"32":{"start":{"line":33,"column":0},"end":{"line":33,"column":54}},"33":{"start":{"line":34,"column":0},"end":{"line":34,"column":44}},"34":{"start":{"line":35,"column":0},"end":{"line":35,"column":71}},"35":{"start":{"line":36,"column":0},"end":{"line":36,"column":0}},"36":{"start":{"line":37,"column":0},"end":{"line":37,"column":35}},"37":{"start":{"line":38,"column":0},"end":{"line":38,"column":30}},"38":{"start":{"line":39,"column":0},"end":{"line":39,"column":26}},"39":{"start":{"line":40,"column":0},"end":{"line":40,"column":44}},"40":{"start":{"line":41,"column":0},"end":{"line":41,"column":27}},"41":{"start":{"line":42,"column":0},"end":{"line":42,"column":11}},"42":{"start":{"line":43,"column":0},"end":{"line":43,"column":0}},"43":{"start":{"line":44,"column":0},"end":{"line":44,"column":19}},"44":{"start":{"line":45,"column":0},"end":{"line":45,"column":0}},"45":{"start":{"line":46,"column":0},"end":{"line":46,"column":5}},"46":{"start":{"line":47,"column":0},"end":{"line":47,"column":0}},"47":{"start":{"line":48,"column":0},"end":{"line":48,"column":73}},"48":{"start":{"line":49,"column":0},"end":{"line":49,"column":61}},"49":{"start":{"line":50,"column":0},"end":{"line":50,"column":35}},"50":{"start":{"line":51,"column":0},"end":{"line":51,"column":45}},"51":{"start":{"line":52,"column":0},"end":{"line":52,"column":11}},"52":{"start":{"line":53,"column":0},"end":{"line":53,"column":19}},"53":{"start":{"line":54,"column":0},"end":{"line":54,"column":5}},"54":{"start":{"line":55,"column":0},"end":{"line":55,"column":0}},"55":{"start":{"line":56,"column":0},"end":{"line":56,"column":2}}},"s":{"0":3,"1":3,"2":3,"3":3,"4":3,"5":1,"6":1,"7":1,"8":1,"9":1,"10":1,"11":1,"12":1,"13":1,"14":1,"15":1,"16":1,"17":1,"18":1,"19":1,"20":1,"21":1,"22":1,"23":1,"24":1,"25":6,"26":6,"27":6,"28":6,"29":6,"30":6,"31":1,"32":1,"33":8,"34":8,"35":8,"36":8,"37":8,"38":8,"39":8,"40":8,"41":8,"42":8,"43":8,"44":8,"45":8,"46":1,"47":1,"48":2,"49":2,"50":2,"51":2,"52":2,"53":2,"54":1,"55":1},"branchMap":{"0":{"type":"branch","line":1,"loc":{"start":{"line":1,"column":0},"end":{"line":5,"column":1}},"locations":[{"start":{"line":1,"column":0},"end":{"line":5,"column":1}}]},"1":{"type":"branch","line":25,"loc":{"start":{"line":25,"column":4},"end":{"line":31,"column":5}},"locations":[{"start":{"line":25,"column":4},"end":{"line":31,"column":5}}]},"2":{"type":"branch","line":33,"loc":{"start":{"line":33,"column":22},"end":{"line":46,"column":5}},"locations":[{"start":{"line":33,"column":22},"end":{"line":46,"column":5}}]},"3":{"type":"branch","line":34,"loc":{"start":{"line":34,"column":31},"end":{"line":34,"column":37}},"locations":[{"start":{"line":34,"column":31},"end":{"line":34,"column":37}}]},"4":{"type":"branch","line":34,"loc":{"start":{"line":34,"column":37},"end":{"line":34,"column":43}},"locations":[{"start":{"line":34,"column":37},"end":{"line":34,"column":43}}]},"5":{"type":"branch","line":48,"loc":{"start":{"line":48,"column":24},"end":{"line":54,"column":5}},"locations":[{"start":{"line":48,"column":24},"end":{"line":54,"column":5}}]}},"b":{"0":[3],"1":[6],"2":[8],"3":[3],"4":[5],"5":[2]},"fnMap":{"0":{"name":"LogEntity","decl":{"start":{"line":25,"column":4},"end":{"line":31,"column":5}},"loc":{"start":{"line":25,"column":4},"end":{"line":31,"column":5}},"line":25},"1":{"name":"Object.<anonymous>.LogEntity.fromJson","decl":{"start":{"line":33,"column":22},"end":{"line":46,"column":5}},"loc":{"start":{"line":33,"column":22},"end":{"line":46,"column":5}},"line":33},"2":{"name":"Object.<anonymous>.LogEntity.fromObject","decl":{"start":{"line":48,"column":24},"end":{"line":54,"column":5}},"loc":{"start":{"line":48,"column":24},"end":{"line":54,"column":5}},"line":48}},"f":{"0":6,"1":8,"2":2}}
,"/Volumes/M.2-Said/nodeJsCurso/05-NOC/src/domain/use-cases/checks/check-service-multiple.ts": {"path":"/Volumes/M.2-Said/nodeJsCurso/05-NOC/src/domain/use-cases/checks/check-service-multiple.ts","all":false,"statementMap":{"0":{"start":{"line":1,"column":0},"end":{"line":1,"column":72}},"1":{"start":{"line":2,"column":0},"end":{"line":2,"column":64}},"2":{"start":{"line":3,"column":0},"end":{"line":3,"column":0}},"3":{"start":{"line":4,"column":0},"end":{"line":4,"column":39}},"4":{"start":{"line":5,"column":0},"end":{"line":5,"column":44}},"5":{"start":{"line":6,"column":0},"end":{"line":6,"column":1}},"6":{"start":{"line":7,"column":0},"end":{"line":7,"column":0}},"7":{"start":{"line":8,"column":0},"end":{"line":8,"column":0}},"8":{"start":{"line":9,"column":0},"end":{"line":9,"column":48}},"9":{"start":{"line":10,"column":0},"end":{"line":10,"column":61}},"10":{"start":{"line":11,"column":0},"end":{"line":11,"column":0}},"11":{"start":{"line":12,"column":0},"end":{"line":12,"column":0}},"12":{"start":{"line":13,"column":0},"end":{"line":13,"column":73}},"13":{"start":{"line":14,"column":0},"end":{"line":14,"column":0}},"14":{"start":{"line":15,"column":0},"end":{"line":15,"column":0}},"15":{"start":{"line":16,"column":0},"end":{"line":16,"column":16}},"16":{"start":{"line":17,"column":0},"end":{"line":17,"column":56}},"17":{"start":{"line":18,"column":0},"end":{"line":18,"column":58}},"18":{"start":{"line":19,"column":0},"end":{"line":19,"column":54}},"19":{"start":{"line":20,"column":0},"end":{"line":20,"column":8}},"20":{"start":{"line":21,"column":0},"end":{"line":21,"column":0}},"21":{"start":{"line":22,"column":0},"end":{"line":22,"column":39}},"22":{"start":{"line":23,"column":0},"end":{"line":23,"column":54}},"23":{"start":{"line":24,"column":0},"end":{"line":24,"column":39}},"24":{"start":{"line":25,"column":0},"end":{"line":25,"column":11}},"25":{"start":{"line":26,"column":0},"end":{"line":26,"column":5}},"26":{"start":{"line":27,"column":0},"end":{"line":27,"column":0}},"27":{"start":{"line":28,"column":0},"end":{"line":28,"column":59}},"28":{"start":{"line":29,"column":0},"end":{"line":29,"column":0}},"29":{"start":{"line":30,"column":0},"end":{"line":30,"column":0}},"30":{"start":{"line":31,"column":0},"end":{"line":31,"column":13}},"31":{"start":{"line":32,"column":0},"end":{"line":32,"column":12}},"32":{"start":{"line":33,"column":0},"end":{"line":33,"column":43}},"33":{"start":{"line":34,"column":0},"end":{"line":34,"column":28}},"34":{"start":{"line":35,"column":0},"end":{"line":35,"column":69}},"35":{"start":{"line":36,"column":0},"end":{"line":36,"column":13}},"36":{"start":{"line":37,"column":0},"end":{"line":37,"column":29}},"37":{"start":{"line":38,"column":0},"end":{"line":38,"column":53}},"38":{"start":{"line":39,"column":0},"end":{"line":39,"column":44}},"39":{"start":{"line":40,"column":0},"end":{"line":40,"column":43}},"40":{"start":{"line":41,"column":0},"end":{"line":41,"column":13}},"41":{"start":{"line":42,"column":0},"end":{"line":42,"column":48}},"42":{"start":{"line":43,"column":0},"end":{"line":43,"column":33}},"43":{"start":{"line":44,"column":0},"end":{"line":44,"column":59}},"44":{"start":{"line":45,"column":0},"end":{"line":45,"column":0}},"45":{"start":{"line":46,"column":0},"end":{"line":46,"column":24}},"46":{"start":{"line":47,"column":0},"end":{"line":47,"column":25}},"47":{"start":{"line":48,"column":0},"end":{"line":48,"column":29}},"48":{"start":{"line":49,"column":0},"end":{"line":49,"column":58}},"49":{"start":{"line":50,"column":0},"end":{"line":50,"column":45}},"50":{"start":{"line":51,"column":0},"end":{"line":51,"column":43}},"51":{"start":{"line":52,"column":0},"end":{"line":52,"column":13}},"52":{"start":{"line":53,"column":0},"end":{"line":53,"column":49}},"53":{"start":{"line":54,"column":0},"end":{"line":54,"column":33}},"54":{"start":{"line":55,"column":0},"end":{"line":55,"column":69}},"55":{"start":{"line":56,"column":0},"end":{"line":56,"column":12}},"56":{"start":{"line":57,"column":0},"end":{"line":57,"column":24}},"57":{"start":{"line":58,"column":0},"end":{"line":58,"column":9}},"58":{"start":{"line":59,"column":0},"end":{"line":59,"column":8}},"59":{"start":{"line":60,"column":0},"end":{"line":60,"column":5}},"60":{"start":{"line":61,"column":0},"end":{"line":61,"column":1}},"61":{"start":{"line":62,"column":0},"end":{"line":62,"column":0}},"62":{"start":{"line":63,"column":0},"end":{"line":63,"column":71}},"63":{"start":{"line":64,"column":0},"end":{"line":64,"column":57}}},"s":{"0":1,"1":1,"2":1,"3":1,"4":1,"5":1,"6":1,"7":1,"8":1,"9":1,"10":1,"11":1,"12":1,"13":1,"14":1,"15":1,"16":1,"17":1,"18":1,"19":1,"20":1,"21":1,"22":2,"23":6,"24":2,"25":2,"26":1,"27":1,"28":2,"29":2,"30":2,"31":2,"32":2,"33":2,"34":0,"35":0,"36":1,"37":1,"38":1,"39":1,"40":1,"41":1,"42":1,"43":2,"44":2,"45":2,"46":2,"47":1,"48":1,"49":1,"50":1,"51":1,"52":1,"53":1,"54":1,"55":1,"56":1,"57":1,"58":2,"59":2,"60":1,"61":1,"62":1,"63":1},"branchMap":{"0":{"type":"branch","line":16,"loc":{"start":{"line":16,"column":4},"end":{"line":20,"column":8}},"locations":[{"start":{"line":16,"column":4},"end":{"line":20,"column":8}}]},"1":{"type":"branch","line":22,"loc":{"start":{"line":22,"column":12},"end":{"line":26,"column":5}},"locations":[{"start":{"line":22,"column":12},"end":{"line":26,"column":5}}]},"2":{"type":"branch","line":23,"loc":{"start":{"line":23,"column":36},"end":{"line":25,"column":9}},"locations":[{"start":{"line":23,"column":36},"end":{"line":25,"column":9}}]},"3":{"type":"branch","line":28,"loc":{"start":{"line":28,"column":17},"end":{"line":60,"column":5}},"locations":[{"start":{"line":28,"column":17},"end":{"line":60,"column":5}}]},"4":{"type":"branch","line":34,"loc":{"start":{"line":34,"column":-1},"end":{"line":34,"column":27}},"locations":[{"start":{"line":34,"column":-1},"end":{"line":34,"column":27}}]},"5":{"type":"branch","line":34,"loc":{"start":{"line":34,"column":27},"end":{"line":36,"column":13}},"locations":[{"start":{"line":34,"column":27},"end":{"line":36,"column":13}}]},"6":{"type":"branch","line":37,"loc":{"start":{"line":37,"column":-1},"end":{"line":44,"column":58}},"locations":[{"start":{"line":37,"column":-1},"end":{"line":44,"column":58}}]},"7":{"type":"branch","line":47,"loc":{"start":{"line":47,"column":10},"end":{"line":58,"column":9}},"locations":[{"start":{"line":47,"column":10},"end":{"line":58,"column":9}}]}},"b":{"0":[1],"1":[2],"2":[6],"3":[2],"4":[1],"5":[0],"6":[1],"7":[1]},"fnMap":{"0":{"name":"CheckServiceMultiple","decl":{"start":{"line":16,"column":4},"end":{"line":20,"column":8}},"loc":{"start":{"line":16,"column":4},"end":{"line":20,"column":8}},"line":16},"1":{"name":"callLogs","decl":{"start":{"line":22,"column":12},"end":{"line":26,"column":5}},"loc":{"start":{"line":22,"column":12},"end":{"line":26,"column":5}},"line":22},"2":{"name":"execute","decl":{"start":{"line":28,"column":17},"end":{"line":60,"column":5}},"loc":{"start":{"line":28,"column":17},"end":{"line":60,"column":5}},"line":28}},"f":{"0":1,"1":2,"2":2}}
,"/Volumes/M.2-Said/nodeJsCurso/05-NOC/src/domain/use-cases/checks/check-service.ts": {"path":"/Volumes/M.2-Said/nodeJsCurso/05-NOC/src/domain/use-cases/checks/check-service.ts","all":false,"statementMap":{"0":{"start":{"line":1,"column":0},"end":{"line":1,"column":72}},"1":{"start":{"line":2,"column":0},"end":{"line":2,"column":64}},"2":{"start":{"line":3,"column":0},"end":{"line":3,"column":0}},"3":{"start":{"line":4,"column":0},"end":{"line":4,"column":31}},"4":{"start":{"line":5,"column":0},"end":{"line":5,"column":44}},"5":{"start":{"line":6,"column":0},"end":{"line":6,"column":1}},"6":{"start":{"line":7,"column":0},"end":{"line":7,"column":0}},"7":{"start":{"line":8,"column":0},"end":{"line":8,"column":0}},"8":{"start":{"line":9,"column":0},"end":{"line":9,"column":48}},"9":{"start":{"line":10,"column":0},"end":{"line":10,"column":61}},"10":{"start":{"line":11,"column":0},"end":{"line":11,"column":0}},"11":{"start":{"line":12,"column":0},"end":{"line":12,"column":0}},"12":{"start":{"line":13,"column":0},"end":{"line":13,"column":57}},"13":{"start":{"line":14,"column":0},"end":{"line":14,"column":0}},"14":{"start":{"line":15,"column":0},"end":{"line":15,"column":0}},"15":{"start":{"line":16,"column":0},"end":{"line":16,"column":16}},"16":{"start":{"line":17,"column":0},"end":{"line":17,"column":54}},"17":{"start":{"line":18,"column":0},"end":{"line":18,"column":58}},"18":{"start":{"line":19,"column":0},"end":{"line":19,"column":54}},"19":{"start":{"line":20,"column":0},"end":{"line":20,"column":8}},"20":{"start":{"line":21,"column":0},"end":{"line":21,"column":0}},"21":{"start":{"line":22,"column":0},"end":{"line":22,"column":0}},"22":{"start":{"line":23,"column":0},"end":{"line":23,"column":59}},"23":{"start":{"line":24,"column":0},"end":{"line":24,"column":0}},"24":{"start":{"line":25,"column":0},"end":{"line":25,"column":0}},"25":{"start":{"line":26,"column":0},"end":{"line":26,"column":13}},"26":{"start":{"line":27,"column":0},"end":{"line":27,"column":12}},"27":{"start":{"line":28,"column":0},"end":{"line":28,"column":43}},"28":{"start":{"line":29,"column":0},"end":{"line":29,"column":28}},"29":{"start":{"line":30,"column":0},"end":{"line":30,"column":69}},"30":{"start":{"line":31,"column":0},"end":{"line":31,"column":13}},"31":{"start":{"line":32,"column":0},"end":{"line":32,"column":29}},"32":{"start":{"line":33,"column":0},"end":{"line":33,"column":53}},"33":{"start":{"line":34,"column":0},"end":{"line":34,"column":44}},"34":{"start":{"line":35,"column":0},"end":{"line":35,"column":43}},"35":{"start":{"line":36,"column":0},"end":{"line":36,"column":13}},"36":{"start":{"line":37,"column":0},"end":{"line":37,"column":48}},"37":{"start":{"line":38,"column":0},"end":{"line":38,"column":46}},"38":{"start":{"line":39,"column":0},"end":{"line":39,"column":59}},"39":{"start":{"line":40,"column":0},"end":{"line":40,"column":0}},"40":{"start":{"line":41,"column":0},"end":{"line":41,"column":24}},"41":{"start":{"line":42,"column":0},"end":{"line":42,"column":25}},"42":{"start":{"line":43,"column":0},"end":{"line":43,"column":29}},"43":{"start":{"line":44,"column":0},"end":{"line":44,"column":58}},"44":{"start":{"line":45,"column":0},"end":{"line":45,"column":45}},"45":{"start":{"line":46,"column":0},"end":{"line":46,"column":43}},"46":{"start":{"line":47,"column":0},"end":{"line":47,"column":13}},"47":{"start":{"line":48,"column":0},"end":{"line":48,"column":49}},"48":{"start":{"line":49,"column":0},"end":{"line":49,"column":46}},"49":{"start":{"line":50,"column":0},"end":{"line":50,"column":69}},"50":{"start":{"line":51,"column":0},"end":{"line":51,"column":12}},"51":{"start":{"line":52,"column":0},"end":{"line":52,"column":24}},"52":{"start":{"line":53,"column":0},"end":{"line":53,"column":9}},"53":{"start":{"line":54,"column":0},"end":{"line":54,"column":8}},"54":{"start":{"line":55,"column":0},"end":{"line":55,"column":5}},"55":{"start":{"line":56,"column":0},"end":{"line":56,"column":1}},"56":{"start":{"line":57,"column":0},"end":{"line":57,"column":0}},"57":{"start":{"line":58,"column":0},"end":{"line":58,"column":71}},"58":{"start":{"line":59,"column":0},"end":{"line":59,"column":57}}},"s":{"0":1,"1":1,"2":1,"3":1,"4":1,"5":1,"6":1,"7":1,"8":1,"9":1,"10":1,"11":1,"12":1,"13":1,"14":1,"15":1,"16":1,"17":1,"18":1,"19":1,"20":1,"21":1,"22":1,"23":2,"24":2,"25":2,"26":2,"27":2,"28":2,"29":0,"30":0,"31":1,"32":1,"33":1,"34":1,"35":1,"36":1,"37":1,"38":2,"39":2,"40":2,"41":2,"42":1,"43":1,"44":1,"45":1,"46":1,"47":1,"48":1,"49":1,"50":1,"51":1,"52":1,"53":2,"54":2,"55":1,"56":1,"57":1,"58":1},"branchMap":{"0":{"type":"branch","line":16,"loc":{"start":{"line":16,"column":4},"end":{"line":20,"column":8}},"locations":[{"start":{"line":16,"column":4},"end":{"line":20,"column":8}}]},"1":{"type":"branch","line":23,"loc":{"start":{"line":23,"column":17},"end":{"line":55,"column":5}},"locations":[{"start":{"line":23,"column":17},"end":{"line":55,"column":5}}]},"2":{"type":"branch","line":29,"loc":{"start":{"line":29,"column":-1},"end":{"line":29,"column":27}},"locations":[{"start":{"line":29,"column":-1},"end":{"line":29,"column":27}}]},"3":{"type":"branch","line":29,"loc":{"start":{"line":29,"column":27},"end":{"line":31,"column":13}},"locations":[{"start":{"line":29,"column":27},"end":{"line":31,"column":13}}]},"4":{"type":"branch","line":32,"loc":{"start":{"line":32,"column":-1},"end":{"line":39,"column":58}},"locations":[{"start":{"line":32,"column":-1},"end":{"line":39,"column":58}}]},"5":{"type":"branch","line":42,"loc":{"start":{"line":42,"column":10},"end":{"line":53,"column":9}},"locations":[{"start":{"line":42,"column":10},"end":{"line":53,"column":9}}]}},"b":{"0":[1],"1":[2],"2":[1],"3":[0],"4":[1],"5":[1]},"fnMap":{"0":{"name":"CheckService","decl":{"start":{"line":16,"column":4},"end":{"line":20,"column":8}},"loc":{"start":{"line":16,"column":4},"end":{"line":20,"column":8}},"line":16},"1":{"name":"execute","decl":{"start":{"line":23,"column":17},"end":{"line":55,"column":5}},"loc":{"start":{"line":23,"column":17},"end":{"line":55,"column":5}},"line":23}},"f":{"0":1,"1":2}}
,"/Volumes/M.2-Said/nodeJsCurso/05-NOC/src/domain/use-cases/email/send-email-logs.ts": {"path":"/Volumes/M.2-Said/nodeJsCurso/05-NOC/src/domain/use-cases/email/send-email-logs.ts","all":false,"statementMap":{"0":{"start":{"line":1,"column":0},"end":{"line":1,"column":73}},"1":{"start":{"line":2,"column":0},"end":{"line":2,"column":72}},"2":{"start":{"line":3,"column":0},"end":{"line":3,"column":64}},"3":{"start":{"line":4,"column":0},"end":{"line":4,"column":0}},"4":{"start":{"line":5,"column":0},"end":{"line":5,"column":0}},"5":{"start":{"line":6,"column":0},"end":{"line":6,"column":31}},"6":{"start":{"line":7,"column":0},"end":{"line":7,"column":56}},"7":{"start":{"line":8,"column":0},"end":{"line":8,"column":2}},"8":{"start":{"line":9,"column":0},"end":{"line":9,"column":0}},"9":{"start":{"line":10,"column":0},"end":{"line":10,"column":0}},"10":{"start":{"line":11,"column":0},"end":{"line":11,"column":59}},"11":{"start":{"line":12,"column":0},"end":{"line":12,"column":0}},"12":{"start":{"line":13,"column":0},"end":{"line":13,"column":16}},"13":{"start":{"line":14,"column":0},"end":{"line":14,"column":52}},"14":{"start":{"line":15,"column":0},"end":{"line":15,"column":54}},"15":{"start":{"line":16,"column":0},"end":{"line":16,"column":7}},"16":{"start":{"line":17,"column":0},"end":{"line":17,"column":8}},"17":{"start":{"line":18,"column":0},"end":{"line":18,"column":5}},"18":{"start":{"line":19,"column":0},"end":{"line":19,"column":0}},"19":{"start":{"line":20,"column":0},"end":{"line":20,"column":43}},"20":{"start":{"line":21,"column":0},"end":{"line":21,"column":0}},"21":{"start":{"line":22,"column":0},"end":{"line":22,"column":13}},"22":{"start":{"line":23,"column":0},"end":{"line":23,"column":83}},"23":{"start":{"line":24,"column":0},"end":{"line":24,"column":25}},"24":{"start":{"line":25,"column":0},"end":{"line":25,"column":54}},"25":{"start":{"line":26,"column":0},"end":{"line":26,"column":13}},"26":{"start":{"line":27,"column":0},"end":{"line":27,"column":39}},"27":{"start":{"line":28,"column":0},"end":{"line":28,"column":42}},"28":{"start":{"line":29,"column":0},"end":{"line":29,"column":44}},"29":{"start":{"line":30,"column":0},"end":{"line":30,"column":44}},"30":{"start":{"line":31,"column":0},"end":{"line":31,"column":15}},"31":{"start":{"line":32,"column":0},"end":{"line":32,"column":46}},"32":{"start":{"line":33,"column":0},"end":{"line":33,"column":24}},"33":{"start":{"line":34,"column":0},"end":{"line":34,"column":25}},"34":{"start":{"line":35,"column":0},"end":{"line":35,"column":39}},"35":{"start":{"line":36,"column":0},"end":{"line":36,"column":36}},"36":{"start":{"line":37,"column":0},"end":{"line":37,"column":45}},"37":{"start":{"line":38,"column":0},"end":{"line":38,"column":44}},"38":{"start":{"line":39,"column":0},"end":{"line":39,"column":15}},"39":{"start":{"line":40,"column":0},"end":{"line":40,"column":46}},"40":{"start":{"line":41,"column":0},"end":{"line":41,"column":25}},"41":{"start":{"line":42,"column":0},"end":{"line":42,"column":9}},"42":{"start":{"line":43,"column":0},"end":{"line":43,"column":5}},"43":{"start":{"line":44,"column":0},"end":{"line":44,"column":1}}},"s":{"0":1,"1":1,"2":1,"3":1,"4":1,"5":1,"6":1,"7":1,"8":1,"9":1,"10":1,"11":1,"12":1,"13":1,"14":1,"15":1,"16":1,"17":1,"18":1,"19":1,"20":2,"21":2,"22":2,"23":2,"24":1,"25":1,"26":1,"27":1,"28":1,"29":1,"30":1,"31":1,"32":1,"33":1,"34":1,"35":1,"36":1,"37":1,"38":1,"39":1,"40":1,"41":1,"42":2,"43":1},"branchMap":{"0":{"type":"branch","line":13,"loc":{"start":{"line":13,"column":4},"end":{"line":18,"column":5}},"locations":[{"start":{"line":13,"column":4},"end":{"line":18,"column":5}}]},"1":{"type":"branch","line":20,"loc":{"start":{"line":20,"column":10},"end":{"line":43,"column":5}},"locations":[{"start":{"line":20,"column":10},"end":{"line":43,"column":5}}]},"2":{"type":"branch","line":24,"loc":{"start":{"line":24,"column":24},"end":{"line":42,"column":9}},"locations":[{"start":{"line":24,"column":24},"end":{"line":42,"column":9}}]}},"b":{"0":[1],"1":[2],"2":[1]},"fnMap":{"0":{"name":"SendEmailLogs","decl":{"start":{"line":13,"column":4},"end":{"line":18,"column":5}},"loc":{"start":{"line":13,"column":4},"end":{"line":18,"column":5}},"line":13},"1":{"name":"execute","decl":{"start":{"line":20,"column":10},"end":{"line":43,"column":5}},"loc":{"start":{"line":20,"column":10},"end":{"line":43,"column":5}},"line":20}},"f":{"0":1,"1":2}}
,"/Volumes/M.2-Said/nodeJsCurso/05-NOC/src/infrastructure/datasources/file-system.datasource.ts": {"path":"/Volumes/M.2-Said/nodeJsCurso/05-NOC/src/infrastructure/datasources/file-system.datasource.ts","all":false,"statementMap":{"0":{"start":{"line":1,"column":0},"end":{"line":1,"column":0}},"1":{"start":{"line":2,"column":0},"end":{"line":2,"column":20}},"2":{"start":{"line":3,"column":0},"end":{"line":3,"column":72}},"3":{"start":{"line":4,"column":0},"end":{"line":4,"column":79}},"4":{"start":{"line":5,"column":0},"end":{"line":5,"column":0}},"5":{"start":{"line":6,"column":0},"end":{"line":6,"column":0}},"6":{"start":{"line":7,"column":0},"end":{"line":7,"column":0}},"7":{"start":{"line":8,"column":0},"end":{"line":8,"column":60}},"8":{"start":{"line":9,"column":0},"end":{"line":9,"column":0}},"9":{"start":{"line":10,"column":0},"end":{"line":10,"column":39}},"10":{"start":{"line":11,"column":0},"end":{"line":11,"column":55}},"11":{"start":{"line":12,"column":0},"end":{"line":12,"column":61}},"12":{"start":{"line":13,"column":0},"end":{"line":13,"column":57}},"13":{"start":{"line":14,"column":0},"end":{"line":14,"column":0}},"14":{"start":{"line":15,"column":0},"end":{"line":15,"column":0}},"15":{"start":{"line":16,"column":0},"end":{"line":16,"column":19}},"16":{"start":{"line":17,"column":0},"end":{"line":17,"column":31}},"17":{"start":{"line":18,"column":0},"end":{"line":18,"column":5}},"18":{"start":{"line":19,"column":0},"end":{"line":19,"column":0}},"19":{"start":{"line":20,"column":0},"end":{"line":20,"column":37}},"20":{"start":{"line":21,"column":0},"end":{"line":21,"column":46}},"21":{"start":{"line":22,"column":0},"end":{"line":22,"column":41}},"22":{"start":{"line":23,"column":0},"end":{"line":23,"column":9}},"23":{"start":{"line":24,"column":0},"end":{"line":24,"column":0}},"24":{"start":{"line":25,"column":0},"end":{"line":25,"column":9}},"25":{"start":{"line":26,"column":0},"end":{"line":26,"column":29}},"26":{"start":{"line":27,"column":0},"end":{"line":27,"column":32}},"27":{"start":{"line":28,"column":0},"end":{"line":28,"column":29}},"28":{"start":{"line":29,"column":0},"end":{"line":29,"column":28}},"29":{"start":{"line":30,"column":0},"end":{"line":30,"column":0}},"30":{"start":{"line":31,"column":0},"end":{"line":31,"column":48}},"31":{"start":{"line":32,"column":0},"end":{"line":32,"column":41}},"32":{"start":{"line":33,"column":0},"end":{"line":33,"column":12}},"33":{"start":{"line":34,"column":0},"end":{"line":34,"column":11}},"34":{"start":{"line":35,"column":0},"end":{"line":35,"column":0}},"35":{"start":{"line":36,"column":0},"end":{"line":36,"column":0}},"36":{"start":{"line":37,"column":0},"end":{"line":37,"column":0}},"37":{"start":{"line":38,"column":0},"end":{"line":38,"column":5}},"38":{"start":{"line":39,"column":0},"end":{"line":39,"column":0}},"39":{"start":{"line":40,"column":0},"end":{"line":40,"column":64}},"40":{"start":{"line":41,"column":0},"end":{"line":41,"column":57}},"41":{"start":{"line":42,"column":0},"end":{"line":42,"column":39}},"42":{"start":{"line":43,"column":0},"end":{"line":43,"column":8}},"43":{"start":{"line":44,"column":0},"end":{"line":44,"column":65}},"44":{"start":{"line":45,"column":0},"end":{"line":45,"column":20}},"45":{"start":{"line":46,"column":0},"end":{"line":46,"column":48}},"46":{"start":{"line":47,"column":0},"end":{"line":47,"column":45}},"47":{"start":{"line":48,"column":0},"end":{"line":48,"column":13}},"48":{"start":{"line":49,"column":0},"end":{"line":49,"column":23}},"49":{"start":{"line":50,"column":0},"end":{"line":50,"column":0}},"50":{"start":{"line":51,"column":0},"end":{"line":51,"column":5}},"51":{"start":{"line":52,"column":0},"end":{"line":52,"column":0}},"52":{"start":{"line":53,"column":0},"end":{"line":53,"column":0}},"53":{"start":{"line":54,"column":0},"end":{"line":54,"column":54}},"54":{"start":{"line":55,"column":0},"end":{"line":55,"column":0}},"55":{"start":{"line":56,"column":0},"end":{"line":56,"column":58}},"56":{"start":{"line":57,"column":0},"end":{"line":57,"column":0}},"57":{"start":{"line":58,"column":0},"end":{"line":58,"column":0}},"58":{"start":{"line":59,"column":0},"end":{"line":59,"column":57}},"59":{"start":{"line":60,"column":0},"end":{"line":60,"column":0}},"60":{"start":{"line":61,"column":0},"end":{"line":61,"column":60}},"61":{"start":{"line":62,"column":0},"end":{"line":62,"column":0}},"62":{"start":{"line":63,"column":0},"end":{"line":63,"column":57}},"63":{"start":{"line":64,"column":0},"end":{"line":64,"column":64}},"64":{"start":{"line":65,"column":0},"end":{"line":65,"column":16}},"65":{"start":{"line":66,"column":0},"end":{"line":66,"column":62}},"66":{"start":{"line":67,"column":0},"end":{"line":67,"column":9}},"67":{"start":{"line":68,"column":0},"end":{"line":68,"column":0}},"68":{"start":{"line":69,"column":0},"end":{"line":69,"column":5}},"69":{"start":{"line":70,"column":0},"end":{"line":70,"column":0}},"70":{"start":{"line":71,"column":0},"end":{"line":71,"column":76}},"71":{"start":{"line":72,"column":0},"end":{"line":72,"column":8}},"72":{"start":{"line":73,"column":0},"end":{"line":73,"column":33}},"73":{"start":{"line":74,"column":0},"end":{"line":74,"column":38}},"74":{"start":{"line":75,"column":0},"end":{"line":75,"column":62}},"75":{"start":{"line":76,"column":0},"end":{"line":76,"column":0}},"76":{"start":{"line":77,"column":0},"end":{"line":77,"column":41}},"77":{"start":{"line":78,"column":0},"end":{"line":78,"column":65}},"78":{"start":{"line":79,"column":0},"end":{"line":79,"column":0}},"79":{"start":{"line":80,"column":0},"end":{"line":80,"column":39}},"80":{"start":{"line":81,"column":0},"end":{"line":81,"column":63}},"81":{"start":{"line":82,"column":0},"end":{"line":82,"column":0}},"82":{"start":{"line":83,"column":0},"end":{"line":83,"column":20}},"83":{"start":{"line":84,"column":0},"end":{"line":84,"column":72}},"84":{"start":{"line":85,"column":0},"end":{"line":85,"column":10}},"85":{"start":{"line":86,"column":0},"end":{"line":86,"column":0}},"86":{"start":{"line":87,"column":0},"end":{"line":87,"column":5}},"87":{"start":{"line":88,"column":0},"end":{"line":88,"column":0}},"88":{"start":{"line":89,"column":0},"end":{"line":89,"column":1}}},"s":{"0":1,"1":1,"2":1,"3":1,"4":1,"5":1,"6":1,"7":1,"8":1,"9":1,"10":1,"11":1,"12":1,"13":1,"14":1,"15":1,"16":5,"17":5,"18":1,"19":1,"20":5,"21":5,"22":5,"23":5,"24":5,"25":5,"26":5,"27":5,"28":5,"29":15,"30":15,"31":15,"32":15,"33":5,"34":5,"35":5,"36":5,"37":5,"38":1,"39":1,"40":3,"41":3,"42":3,"43":3,"44":3,"45":3,"46":3,"47":3,"48":3,"49":3,"50":3,"51":1,"52":1,"53":1,"54":6,"55":6,"56":6,"57":6,"58":6,"59":6,"60":6,"61":4,"62":6,"63":2,"64":2,"65":2,"66":2,"67":6,"68":6,"69":1,"70":1,"71":3,"72":3,"73":3,"74":1,"75":3,"76":3,"77":1,"78":3,"79":3,"80":1,"81":3,"82":3,"83":0,"84":3,"85":3,"86":3,"87":1,"88":1},"branchMap":{"0":{"type":"branch","line":16,"loc":{"start":{"line":16,"column":4},"end":{"line":18,"column":5}},"locations":[{"start":{"line":16,"column":4},"end":{"line":18,"column":5}}]},"1":{"type":"branch","line":20,"loc":{"start":{"line":20,"column":30},"end":{"line":38,"column":5}},"locations":[{"start":{"line":20,"column":30},"end":{"line":38,"column":5}}]},"2":{"type":"branch","line":29,"loc":{"start":{"line":29,"column":19},"end":{"line":34,"column":9}},"locations":[{"start":{"line":29,"column":19},"end":{"line":34,"column":9}}]},"3":{"type":"branch","line":31,"loc":{"start":{"line":31,"column":41},"end":{"line":31,"column":48}},"locations":[{"start":{"line":31,"column":41},"end":{"line":31,"column":48}}]},"4":{"type":"branch","line":40,"loc":{"start":{"line":40,"column":30},"end":{"line":51,"column":5}},"locations":[{"start":{"line":40,"column":30},"end":{"line":51,"column":5}}]},"5":{"type":"branch","line":42,"loc":{"start":{"line":42,"column":29},"end":{"line":42,"column":39}},"locations":[{"start":{"line":42,"column":29},"end":{"line":42,"column":39}}]},"6":{"type":"branch","line":54,"loc":{"start":{"line":54,"column":10},"end":{"line":69,"column":5}},"locations":[{"start":{"line":54,"column":10},"end":{"line":69,"column":5}}]},"7":{"type":"branch","line":61,"loc":{"start":{"line":61,"column":53},"end":{"line":61,"column":60}},"locations":[{"start":{"line":61,"column":53},"end":{"line":61,"column":60}}]},"8":{"type":"branch","line":62,"loc":{"start":{"line":62,"column":-1},"end":{"line":63,"column":56}},"locations":[{"start":{"line":62,"column":-1},"end":{"line":63,"column":56}}]},"9":{"type":"branch","line":63,"loc":{"start":{"line":63,"column":56},"end":{"line":67,"column":9}},"locations":[{"start":{"line":63,"column":56},"end":{"line":67,"column":9}}]},"10":{"type":"branch","line":71,"loc":{"start":{"line":71,"column":10},"end":{"line":87,"column":5}},"locations":[{"start":{"line":71,"column":10},"end":{"line":87,"column":5}}]},"11":{"type":"branch","line":74,"loc":{"start":{"line":74,"column":12},"end":{"line":75,"column":62}},"locations":[{"start":{"line":74,"column":12},"end":{"line":75,"column":62}}]},"12":{"type":"branch","line":77,"loc":{"start":{"line":77,"column":12},"end":{"line":78,"column":65}},"locations":[{"start":{"line":77,"column":12},"end":{"line":78,"column":65}}]},"13":{"type":"branch","line":80,"loc":{"start":{"line":80,"column":12},"end":{"line":81,"column":63}},"locations":[{"start":{"line":80,"column":12},"end":{"line":81,"column":63}}]},"14":{"type":"branch","line":83,"loc":{"start":{"line":83,"column":12},"end":{"line":84,"column":72}},"locations":[{"start":{"line":83,"column":12},"end":{"line":84,"column":72}}]}},"b":{"0":[5],"1":[5],"2":[15],"3":[0],"4":[3],"5":[0],"6":[6],"7":[2],"8":[4],"9":[2],"10":[3],"11":[1],"12":[1],"13":[1],"14":[0]},"fnMap":{"0":{"name":"FileSystemDatasource","decl":{"start":{"line":16,"column":4},"end":{"line":18,"column":5}},"loc":{"start":{"line":16,"column":4},"end":{"line":18,"column":5}},"line":16},"1":{"name":"FileSystemDatasource.createLogsFiles","decl":{"start":{"line":20,"column":30},"end":{"line":38,"column":5}},"loc":{"start":{"line":20,"column":30},"end":{"line":38,"column":5}},"line":20},"2":{"name":"FileSystemDatasource.getLogsFromFile","decl":{"start":{"line":40,"column":30},"end":{"line":51,"column":5}},"loc":{"start":{"line":40,"column":30},"end":{"line":51,"column":5}},"line":40},"3":{"name":"saveLog","decl":{"start":{"line":54,"column":10},"end":{"line":69,"column":5}},"loc":{"start":{"line":54,"column":10},"end":{"line":69,"column":5}},"line":54},"4":{"name":"getLogs","decl":{"start":{"line":71,"column":10},"end":{"line":87,"column":5}},"loc":{"start":{"line":71,"column":10},"end":{"line":87,"column":5}},"line":71}},"f":{"0":5,"1":5,"2":3,"3":6,"4":3}}
,"/Volumes/M.2-Said/nodeJsCurso/05-NOC/src/infrastructure/datasources/mongo-log.datasource.ts": {"path":"/Volumes/M.2-Said/nodeJsCurso/05-NOC/src/infrastructure/datasources/mongo-log.datasource.ts","all":false,"statementMap":{"0":{"start":{"line":1,"column":0},"end":{"line":1,"column":44}},"1":{"start":{"line":2,"column":0},"end":{"line":2,"column":72}},"2":{"start":{"line":3,"column":0},"end":{"line":3,"column":79}},"3":{"start":{"line":4,"column":0},"end":{"line":4,"column":0}},"4":{"start":{"line":5,"column":0},"end":{"line":5,"column":0}},"5":{"start":{"line":6,"column":0},"end":{"line":6,"column":0}},"6":{"start":{"line":7,"column":0},"end":{"line":7,"column":0}},"7":{"start":{"line":8,"column":0},"end":{"line":8,"column":58}},"8":{"start":{"line":9,"column":0},"end":{"line":9,"column":0}},"9":{"start":{"line":10,"column":0},"end":{"line":10,"column":50}},"10":{"start":{"line":11,"column":0},"end":{"line":11,"column":50}},"11":{"start":{"line":12,"column":0},"end":{"line":12,"column":55}},"12":{"start":{"line":13,"column":0},"end":{"line":13,"column":5}},"13":{"start":{"line":14,"column":0},"end":{"line":14,"column":74}},"14":{"start":{"line":15,"column":0},"end":{"line":15,"column":42}},"15":{"start":{"line":16,"column":0},"end":{"line":16,"column":32}},"16":{"start":{"line":17,"column":0},"end":{"line":17,"column":11}},"17":{"start":{"line":18,"column":0},"end":{"line":18,"column":8}},"18":{"start":{"line":19,"column":0},"end":{"line":19,"column":48}},"19":{"start":{"line":20,"column":0},"end":{"line":20,"column":5}},"20":{"start":{"line":21,"column":0},"end":{"line":21,"column":0}},"21":{"start":{"line":22,"column":0},"end":{"line":22,"column":4}},"22":{"start":{"line":23,"column":0},"end":{"line":23,"column":1}}},"s":{"0":1,"1":1,"2":1,"3":1,"4":1,"5":1,"6":1,"7":1,"8":1,"9":1,"10":2,"11":2,"12":2,"13":1,"14":1,"15":1,"16":1,"17":1,"18":1,"19":1,"20":1,"21":1,"22":1},"branchMap":{"0":{"type":"branch","line":10,"loc":{"start":{"line":10,"column":10},"end":{"line":13,"column":5}},"locations":[{"start":{"line":10,"column":10},"end":{"line":13,"column":5}}]},"1":{"type":"branch","line":14,"loc":{"start":{"line":14,"column":10},"end":{"line":20,"column":5}},"locations":[{"start":{"line":14,"column":10},"end":{"line":20,"column":5}}]}},"b":{"0":[2],"1":[1]},"fnMap":{"0":{"name":"saveLog","decl":{"start":{"line":10,"column":10},"end":{"line":13,"column":5}},"loc":{"start":{"line":10,"column":10},"end":{"line":13,"column":5}},"line":10},"1":{"name":"getLogs","decl":{"start":{"line":14,"column":10},"end":{"line":20,"column":5}},"loc":{"start":{"line":14,"column":10},"end":{"line":20,"column":5}},"line":14}},"f":{"0":2,"1":1}}
,"/Volumes/M.2-Said/nodeJsCurso/05-NOC/src/infrastructure/repository/log.repository.impl.ts": {"path":"/Volumes/M.2-Said/nodeJsCurso/05-NOC/src/infrastructure/repository/log.repository.impl.ts","all":false,"statementMap":{"0":{"start":{"line":1,"column":0},"end":{"line":1,"column":72}},"1":{"start":{"line":2,"column":0},"end":{"line":2,"column":79}},"2":{"start":{"line":3,"column":0},"end":{"line":3,"column":71}},"3":{"start":{"line":4,"column":0},"end":{"line":4,"column":0}},"4":{"start":{"line":5,"column":0},"end":{"line":5,"column":0}},"5":{"start":{"line":6,"column":0},"end":{"line":6,"column":0}},"6":{"start":{"line":7,"column":0},"end":{"line":7,"column":57}},"7":{"start":{"line":8,"column":0},"end":{"line":8,"column":0}},"8":{"start":{"line":9,"column":0},"end":{"line":9,"column":16}},"9":{"start":{"line":10,"column":0},"end":{"line":10,"column":54}},"10":{"start":{"line":11,"column":0},"end":{"line":11,"column":8}},"11":{"start":{"line":12,"column":0},"end":{"line":12,"column":0}},"12":{"start":{"line":13,"column":0},"end":{"line":13,"column":50}},"13":{"start":{"line":14,"column":0},"end":{"line":14,"column":48}},"14":{"start":{"line":15,"column":0},"end":{"line":15,"column":5}},"15":{"start":{"line":16,"column":0},"end":{"line":16,"column":74}},"16":{"start":{"line":17,"column":0},"end":{"line":17,"column":59}},"17":{"start":{"line":18,"column":0},"end":{"line":18,"column":5}},"18":{"start":{"line":19,"column":0},"end":{"line":19,"column":0}},"19":{"start":{"line":20,"column":0},"end":{"line":20,"column":0}},"20":{"start":{"line":21,"column":0},"end":{"line":21,"column":1}}},"s":{"0":1,"1":1,"2":1,"3":1,"4":1,"5":1,"6":1,"7":1,"8":1,"9":1,"10":1,"11":1,"12":1,"13":1,"14":1,"15":1,"16":1,"17":1,"18":1,"19":1,"20":1},"branchMap":{"0":{"type":"branch","line":9,"loc":{"start":{"line":9,"column":4},"end":{"line":11,"column":8}},"locations":[{"start":{"line":9,"column":4},"end":{"line":11,"column":8}}]},"1":{"type":"branch","line":13,"loc":{"start":{"line":13,"column":10},"end":{"line":15,"column":5}},"locations":[{"start":{"line":13,"column":10},"end":{"line":15,"column":5}}]},"2":{"type":"branch","line":16,"loc":{"start":{"line":16,"column":10},"end":{"line":18,"column":5}},"locations":[{"start":{"line":16,"column":10},"end":{"line":18,"column":5}}]}},"b":{"0":[1],"1":[1],"2":[1]},"fnMap":{"0":{"name":"LogRepositoryImpl","decl":{"start":{"line":9,"column":4},"end":{"line":11,"column":8}},"loc":{"start":{"line":9,"column":4},"end":{"line":11,"column":8}},"line":9},"1":{"name":"saveLog","decl":{"start":{"line":13,"column":10},"end":{"line":15,"column":5}},"loc":{"start":{"line":13,"column":10},"end":{"line":15,"column":5}},"line":13},"2":{"name":"getLogs","decl":{"start":{"line":16,"column":10},"end":{"line":18,"column":5}},"loc":{"start":{"line":16,"column":10},"end":{"line":18,"column":5}},"line":16}},"f":{"0":1,"1":1,"2":1}}
,"/Volumes/M.2-Said/nodeJsCurso/05-NOC/src/presentation/cron/cron-service.ts": {"path":"/Volumes/M.2-Said/nodeJsCurso/05-NOC/src/presentation/cron/cron-service.ts","all":false,"statementMap":{"0":{"start":{"line":1,"column":0},"end":{"line":1,"column":31}},"1":{"start":{"line":2,"column":0},"end":{"line":2,"column":0}},"2":{"start":{"line":3,"column":0},"end":{"line":3,"column":30}},"3":{"start":{"line":4,"column":0},"end":{"line":4,"column":25}},"4":{"start":{"line":5,"column":0},"end":{"line":5,"column":0}},"5":{"start":{"line":6,"column":0},"end":{"line":6,"column":26}},"6":{"start":{"line":7,"column":0},"end":{"line":7,"column":0}},"7":{"start":{"line":8,"column":0},"end":{"line":8,"column":0}},"8":{"start":{"line":9,"column":0},"end":{"line":9,"column":69}},"9":{"start":{"line":10,"column":0},"end":{"line":10,"column":0}},"10":{"start":{"line":11,"column":0},"end":{"line":11,"column":52}},"11":{"start":{"line":12,"column":0},"end":{"line":12,"column":23}},"12":{"start":{"line":13,"column":0},"end":{"line":13,"column":0}},"13":{"start":{"line":14,"column":0},"end":{"line":14,"column":23}},"14":{"start":{"line":15,"column":0},"end":{"line":15,"column":0}},"15":{"start":{"line":16,"column":0},"end":{"line":16,"column":6}},"16":{"start":{"line":17,"column":0},"end":{"line":17,"column":0}},"17":{"start":{"line":18,"column":0},"end":{"line":18,"column":1}}},"s":{"0":1,"1":1,"2":1,"3":1,"4":1,"5":1,"6":1,"7":1,"8":1,"9":1,"10":1,"11":1,"12":1,"13":1,"14":1,"15":1,"16":1,"17":1},"branchMap":{"0":{"type":"branch","line":9,"loc":{"start":{"line":9,"column":11},"end":{"line":16,"column":5}},"locations":[{"start":{"line":9,"column":11},"end":{"line":16,"column":5}}]}},"b":{"0":[1]},"fnMap":{"0":{"name":"createJob","decl":{"start":{"line":9,"column":11},"end":{"line":16,"column":5}},"loc":{"start":{"line":9,"column":11},"end":{"line":16,"column":5}},"line":9}},"f":{"0":1}}
,"/Volumes/M.2-Said/nodeJsCurso/05-NOC/src/presentation/email/email-service.ts": {"path":"/Volumes/M.2-Said/nodeJsCurso/05-NOC/src/presentation/email/email-service.ts","all":false,"statementMap":{"0":{"start":{"line":1,"column":0},"end":{"line":1,"column":36}},"1":{"start":{"line":2,"column":0},"end":{"line":2,"column":56}},"2":{"start":{"line":3,"column":0},"end":{"line":3,"column":79}},"3":{"start":{"line":4,"column":0},"end":{"line":4,"column":0}},"4":{"start":{"line":5,"column":0},"end":{"line":5,"column":0}},"5":{"start":{"line":6,"column":0},"end":{"line":6,"column":34}},"6":{"start":{"line":7,"column":0},"end":{"line":7,"column":26}},"7":{"start":{"line":8,"column":0},"end":{"line":8,"column":20}},"8":{"start":{"line":9,"column":0},"end":{"line":9,"column":21}},"9":{"start":{"line":10,"column":0},"end":{"line":10,"column":31}},"10":{"start":{"line":11,"column":0},"end":{"line":11,"column":1}},"11":{"start":{"line":12,"column":0},"end":{"line":12,"column":0}},"12":{"start":{"line":13,"column":0},"end":{"line":13,"column":29}},"13":{"start":{"line":14,"column":0},"end":{"line":14,"column":21}},"14":{"start":{"line":15,"column":0},"end":{"line":15,"column":17}},"15":{"start":{"line":16,"column":0},"end":{"line":16,"column":1}},"16":{"start":{"line":17,"column":0},"end":{"line":17,"column":0}},"17":{"start":{"line":18,"column":0},"end":{"line":18,"column":0}},"18":{"start":{"line":19,"column":0},"end":{"line":19,"column":27}},"19":{"start":{"line":20,"column":0},"end":{"line":20,"column":0}},"20":{"start":{"line":21,"column":0},"end":{"line":21,"column":54}},"21":{"start":{"line":22,"column":0},"end":{"line":22,"column":0}},"22":{"start":{"line":23,"column":0},"end":{"line":23,"column":37}},"23":{"start":{"line":24,"column":0},"end":{"line":24,"column":15}},"24":{"start":{"line":25,"column":0},"end":{"line":25,"column":36}},"25":{"start":{"line":26,"column":0},"end":{"line":26,"column":41}},"26":{"start":{"line":27,"column":0},"end":{"line":27,"column":9}},"27":{"start":{"line":28,"column":0},"end":{"line":28,"column":7}},"28":{"start":{"line":29,"column":0},"end":{"line":29,"column":0}},"29":{"start":{"line":30,"column":0},"end":{"line":30,"column":20}},"30":{"start":{"line":31,"column":0},"end":{"line":31,"column":0}},"31":{"start":{"line":32,"column":0},"end":{"line":32,"column":0}},"32":{"start":{"line":33,"column":0},"end":{"line":33,"column":66}},"33":{"start":{"line":34,"column":0},"end":{"line":34,"column":8}},"34":{"start":{"line":35,"column":0},"end":{"line":35,"column":62}},"35":{"start":{"line":36,"column":0},"end":{"line":36,"column":0}},"36":{"start":{"line":37,"column":0},"end":{"line":37,"column":13}},"37":{"start":{"line":38,"column":0},"end":{"line":38,"column":12}},"38":{"start":{"line":39,"column":0},"end":{"line":39,"column":69}},"39":{"start":{"line":40,"column":0},"end":{"line":40,"column":23}},"40":{"start":{"line":41,"column":0},"end":{"line":41,"column":33}},"41":{"start":{"line":42,"column":0},"end":{"line":42,"column":31}},"42":{"start":{"line":43,"column":0},"end":{"line":43,"column":41}},"43":{"start":{"line":44,"column":0},"end":{"line":44,"column":15}},"44":{"start":{"line":45,"column":0},"end":{"line":45,"column":0}},"45":{"start":{"line":46,"column":0},"end":{"line":46,"column":46}},"46":{"start":{"line":47,"column":0},"end":{"line":47,"column":39}},"47":{"start":{"line":48,"column":0},"end":{"line":48,"column":44}},"48":{"start":{"line":49,"column":0},"end":{"line":49,"column":38}},"49":{"start":{"line":50,"column":0},"end":{"line":50,"column":42}},"50":{"start":{"line":51,"column":0},"end":{"line":51,"column":15}},"51":{"start":{"line":52,"column":0},"end":{"line":52,"column":24}},"52":{"start":{"line":53,"column":0},"end":{"line":53,"column":25}},"53":{"start":{"line":54,"column":0},"end":{"line":54,"column":39}},"54":{"start":{"line":55,"column":0},"end":{"line":55,"column":45}},"55":{"start":{"line":56,"column":0},"end":{"line":56,"column":42}},"56":{"start":{"line":57,"column":0},"end":{"line":57,"column":42}},"57":{"start":{"line":58,"column":0},"end":{"line":58,"column":15}},"58":{"start":{"line":59,"column":0},"end":{"line":59,"column":25}},"59":{"start":{"line":60,"column":0},"end":{"line":60,"column":9}},"60":{"start":{"line":61,"column":0},"end":{"line":61,"column":5}},"61":{"start":{"line":62,"column":0},"end":{"line":62,"column":0}},"62":{"start":{"line":63,"column":0},"end":{"line":63,"column":63}},"63":{"start":{"line":64,"column":0},"end":{"line":64,"column":44}},"64":{"start":{"line":65,"column":0},"end":{"line":65,"column":26}},"65":{"start":{"line":66,"column":0},"end":{"line":66,"column":95}},"66":{"start":{"line":67,"column":0},"end":{"line":67,"column":129}},"67":{"start":{"line":68,"column":0},"end":{"line":68,"column":114}},"68":{"start":{"line":69,"column":0},"end":{"line":69,"column":41}},"69":{"start":{"line":70,"column":0},"end":{"line":70,"column":21}},"70":{"start":{"line":71,"column":0},"end":{"line":71,"column":96}},"71":{"start":{"line":72,"column":0},"end":{"line":72,"column":43}},"72":{"start":{"line":73,"column":0},"end":{"line":73,"column":20}},"73":{"start":{"line":74,"column":0},"end":{"line":74,"column":96}},"74":{"start":{"line":75,"column":0},"end":{"line":75,"column":303}},"75":{"start":{"line":76,"column":0},"end":{"line":76,"column":20}},"76":{"start":{"line":77,"column":0},"end":{"line":77,"column":96}},"77":{"start":{"line":78,"column":0},"end":{"line":78,"column":340}},"78":{"start":{"line":79,"column":0},"end":{"line":79,"column":20}},"79":{"start":{"line":80,"column":0},"end":{"line":80,"column":60}},"80":{"start":{"line":81,"column":0},"end":{"line":81,"column":100}},"81":{"start":{"line":82,"column":0},"end":{"line":82,"column":20}},"82":{"start":{"line":83,"column":0},"end":{"line":83,"column":93}},"83":{"start":{"line":84,"column":0},"end":{"line":84,"column":58}},"84":{"start":{"line":85,"column":0},"end":{"line":85,"column":20}},"85":{"start":{"line":86,"column":0},"end":{"line":86,"column":93}},"86":{"start":{"line":87,"column":0},"end":{"line":87,"column":36}},"87":{"start":{"line":88,"column":0},"end":{"line":88,"column":35}},"88":{"start":{"line":89,"column":0},"end":{"line":89,"column":34}},"89":{"start":{"line":90,"column":0},"end":{"line":90,"column":32}},"90":{"start":{"line":91,"column":0},"end":{"line":91,"column":20}},"91":{"start":{"line":92,"column":0},"end":{"line":92,"column":18}},"92":{"start":{"line":93,"column":0},"end":{"line":93,"column":14}},"93":{"start":{"line":94,"column":0},"end":{"line":94,"column":10}},"94":{"start":{"line":95,"column":0},"end":{"line":95,"column":42}},"95":{"start":{"line":96,"column":0},"end":{"line":96,"column":68}},"96":{"start":{"line":97,"column":0},"end":{"line":97,"column":70}},"97":{"start":{"line":98,"column":0},"end":{"line":98,"column":73}},"98":{"start":{"line":99,"column":0},"end":{"line":99,"column":10}},"99":{"start":{"line":100,"column":0},"end":{"line":100,"column":0}},"100":{"start":{"line":101,"column":0},"end":{"line":101,"column":31}},"101":{"start":{"line":102,"column":0},"end":{"line":102,"column":46}},"102":{"start":{"line":103,"column":0},"end":{"line":103,"column":11}},"103":{"start":{"line":104,"column":0},"end":{"line":104,"column":5}},"104":{"start":{"line":105,"column":0},"end":{"line":105,"column":1}}},"s":{"0":1,"1":1,"2":1,"3":1,"4":1,"5":1,"6":1,"7":1,"8":1,"9":1,"10":1,"11":1,"12":1,"13":1,"14":1,"15":1,"16":1,"17":1,"18":1,"19":1,"20":1,"21":1,"22":1,"23":1,"24":1,"25":1,"26":1,"27":1,"28":1,"29":1,"30":1,"31":1,"32":1,"33":2,"34":2,"35":2,"36":2,"37":2,"38":2,"39":2,"40":2,"41":2,"42":2,"43":2,"44":2,"45":2,"46":2,"47":2,"48":2,"49":2,"50":2,"51":2,"52":2,"53":0,"54":0,"55":0,"56":0,"57":0,"58":0,"59":0,"60":2,"61":1,"62":1,"63":1,"64":1,"65":1,"66":1,"67":1,"68":1,"69":1,"70":1,"71":1,"72":1,"73":1,"74":1,"75":1,"76":1,"77":1,"78":1,"79":1,"80":1,"81":1,"82":1,"83":1,"84":1,"85":1,"86":1,"87":1,"88":1,"89":1,"90":1,"91":1,"92":1,"93":1,"94":1,"95":1,"96":1,"97":1,"98":1,"99":1,"100":1,"101":1,"102":1,"103":1,"104":1},"branchMap":{"0":{"type":"branch","line":30,"loc":{"start":{"line":30,"column":4},"end":{"line":30,"column":20}},"locations":[{"start":{"line":30,"column":4},"end":{"line":30,"column":20}}]},"1":{"type":"branch","line":33,"loc":{"start":{"line":33,"column":10},"end":{"line":61,"column":5}},"locations":[{"start":{"line":33,"column":10},"end":{"line":61,"column":5}}]},"2":{"type":"branch","line":53,"loc":{"start":{"line":53,"column":10},"end":{"line":60,"column":9}},"locations":[{"start":{"line":53,"column":10},"end":{"line":60,"column":9}}]},"3":{"type":"branch","line":63,"loc":{"start":{"line":63,"column":10},"end":{"line":104,"column":5}},"locations":[{"start":{"line":63,"column":10},"end":{"line":104,"column":5}}]}},"b":{"0":[1],"1":[2],"2":[0],"3":[1]},"fnMap":{"0":{"name":"EmailService","decl":{"start":{"line":30,"column":4},"end":{"line":30,"column":20}},"loc":{"start":{"line":30,"column":4},"end":{"line":30,"column":20}},"line":30},"1":{"name":"sendEmail","decl":{"start":{"line":33,"column":10},"end":{"line":61,"column":5}},"loc":{"start":{"line":33,"column":10},"end":{"line":61,"column":5}},"line":33},"2":{"name":"sendEmailWithFileSystemLogs","decl":{"start":{"line":63,"column":10},"end":{"line":104,"column":5}},"loc":{"start":{"line":63,"column":10},"end":{"line":104,"column":5}},"line":63}},"f":{"0":1,"1":2,"2":1}}
}
